2015-12-24 23:53:51 [127.0.0.1][-][-][error][yii\web\HttpException:404] exception 'yii\base\InvalidRouteException' with message 'Unable to resolve the request "shop/site/login".' in D:\www\project\yii2\vendor\yiisoft\yii2\base\Module.php:461
Stack trace:
#0 D:\www\project\yii2\vendor\yiisoft\yii2\web\Application.php(85): yii\base\Module->runAction('shop/site/login', Array)
#1 D:\www\project\yii2\vendor\yiisoft\yii2\base\Application.php(375): yii\web\Application->handleRequest(Object(yii\web\Request))
#2 D:\www\project\yii2\web\index.php(11): yii\base\Application->run()
#3 {main}

Next exception 'yii\web\NotFoundHttpException' with message '页面未找到。' in D:\www\project\yii2\vendor\yiisoft\yii2\web\Application.php:97
Stack trace:
#0 D:\www\project\yii2\vendor\yiisoft\yii2\base\Application.php(375): yii\web\Application->handleRequest(Object(yii\web\Request))
#1 D:\www\project\yii2\web\index.php(11): yii\base\Application->run()
#2 {main}
2015-12-24 23:53:51 [127.0.0.1][-][-][info][application] $_GET = [
    '/site/login' => ''
]

$_COOKIE = [
    'CNZZDATA1254564802' => '734761777-1450699924-|1450699924'
    'XDEBUG_SESSION' => '19818'
    'PHPSESSID' => '6uppnd46fcq86ob3hnp0ecrbj5'
]

$_SERVER = [
    'REDIRECT_STATUS' => '200'
    'HTTP_HOST' => 'yii.com'
    'HTTP_CONNECTION' => 'keep-alive'
    'HTTP_ACCEPT' => 'text/html,application/xhtml+xml,application/xml;q=0.9,image/webp,*/*;q=0.8'
    'HTTP_UPGRADE_INSECURE_REQUESTS' => '1'
    'HTTP_USER_AGENT' => 'Mozilla/5.0 (Windows NT 6.1; WOW64) AppleWebKit/537.36 (KHTML, like Gecko) Chrome/45.0.2454.85 Safari/537.36'
    'HTTP_REFERER' => 'http://yii.com/?XDEBUG_SESSION_START=19818'
    'HTTP_ACCEPT_ENCODING' => 'gzip, deflate, sdch'
    'HTTP_ACCEPT_LANGUAGE' => 'zh-CN,zh;q=0.8'
    'HTTP_COOKIE' => 'CNZZDATA1254564802=734761777-1450699924-%7C1450699924; XDEBUG_SESSION=19818; PHPSESSID=6uppnd46fcq86ob3hnp0ecrbj5'
    'PATH' => 'C:\\Program Files (x86)\\Common Files\\NetSarang;C:\\Windows\\system32;C:\\Windows;C:\\Windows\\System32\\Wbem;C:\\Windows\\System32\\WindowsPowerShell\\v1.0\\;C:\\Program Files\\Intel\\WiFi\\bin\\;C:\\Program Files\\Common Files\\Intel\\WirelessCommon\\;F:\\kj;D:\\wamp\\bin\\mysql\\mysql5.6.12\\bin;D:\\Program Files\\lessc;C:\\Program Files (x86)\\Windows Kits\\8.1\\Windows Performance Toolkit\\;C:\\Program Files\\Microsoft SQL Server\\110\\Tools\\Binn\\;C:\\Program Files (x86)\\Microsoft SQL Server\\100\\Tools\\Binn\\;C:\\Program Files\\Microsoft SQL Server\\100\\Tools\\Binn\\;C:\\Program Files\\Microsoft SQL Server\\100\\DTS\\Binn\\;C:\\Program Files (x86)\\Microsoft SQL Server\\100\\Tools\\Binn\\VSShell\\Common7\\IDE\\;C:\\Program Files (x86)\\Microsoft Visual Studio 9.0\\Common7\\IDE\\PrivateAssemblies\\;C:\\Program Files (x86)\\Microsoft SQL Server\\100\\DTS\\Binn\\;D:\\wamp\\bin\\php\\php5.4.12;C:\\ProgramData\\ComposerSetup\\bin;D:\\wamp\\bin\\php\\php5.4.12;C:\\ProgramData\\ComposerSetup\\bin\\;E:\\Program Files\\eclipse\\sdk\\platform-tools;D:\\Program Files\\TortoiseSVN\\bin;C:\\Windows\\Microsoft.NET\\Framework64\\v4.0.30319;E:\\BaiduYunDownload\\study\\study_c#\\winform\\c#视频资料\\Windows7Master;D:\\Program Files\\Windows7Master;'
    'SystemRoot' => 'C:\\Windows'
    'COMSPEC' => 'C:\\Windows\\system32\\cmd.exe'
    'PATHEXT' => '.COM;.EXE;.BAT;.CMD;.VBS;.VBE;.JS;.JSE;.WSF;.WSH;.MSC'
    'WINDIR' => 'C:\\Windows'
    'SERVER_SIGNATURE' => ''
    'SERVER_SOFTWARE' => 'Apache/2.4.4 (Win64) OpenSSL/1.0.1d PHP/5.4.12'
    'SERVER_NAME' => 'yii.com'
    'SERVER_ADDR' => '127.0.0.1'
    'SERVER_PORT' => '80'
    'REMOTE_ADDR' => '127.0.0.1'
    'DOCUMENT_ROOT' => 'D:/www/project/yii2/web'
    'REQUEST_SCHEME' => 'http'
    'CONTEXT_PREFIX' => ''
    'CONTEXT_DOCUMENT_ROOT' => 'D:/www/project/yii2/web'
    'SERVER_ADMIN' => 'webmaster@dummy-host2.example.com'
    'SCRIPT_FILENAME' => 'D:/www/project/yii2/web/index.php'
    'REMOTE_PORT' => '1465'
    'REDIRECT_QUERY_STRING' => '/site/login'
    'REDIRECT_URL' => '/site/login'
    'GATEWAY_INTERFACE' => 'CGI/1.1'
    'SERVER_PROTOCOL' => 'HTTP/1.1'
    'REQUEST_METHOD' => 'GET'
    'QUERY_STRING' => '/site/login'
    'REQUEST_URI' => '/site/login'
    'SCRIPT_NAME' => '/index.php'
    'PHP_SELF' => '/index.php'
    'REQUEST_TIME_FLOAT' => 1450972427.206
    'REQUEST_TIME' => 1450972427
]
2015-12-25 21:51:48 [127.0.0.1][-][-][error][yii\web\HttpException:404] exception 'yii\base\InvalidRouteException' with message 'Unable to resolve the request "shopadmin".' in D:\www\project\yii2\vendor\yiisoft\yii2\base\Module.php:461
Stack trace:
#0 D:\www\project\yii2\vendor\yiisoft\yii2\web\Application.php(85): yii\base\Module->runAction('shopadmin', Array)
#1 D:\www\project\yii2\vendor\yiisoft\yii2\base\Application.php(375): yii\web\Application->handleRequest(Object(yii\web\Request))
#2 D:\www\project\yii2\web\index.php(11): yii\base\Application->run()
#3 {main}

Next exception 'yii\web\NotFoundHttpException' with message '页面未找到。' in D:\www\project\yii2\vendor\yiisoft\yii2\web\Application.php:97
Stack trace:
#0 D:\www\project\yii2\vendor\yiisoft\yii2\base\Application.php(375): yii\web\Application->handleRequest(Object(yii\web\Request))
#1 D:\www\project\yii2\web\index.php(11): yii\base\Application->run()
#2 {main}
2015-12-25 21:51:48 [127.0.0.1][-][-][info][application] $_GET = [
    '/shopadmin' => ''
]

$_COOKIE = [
    'CNZZDATA1254564802' => '734761777-1450699924-|1450699924'
    'XDEBUG_SESSION' => '12906'
    'PHPSESSID' => 'sidd63am9r4t0i9e0esq9ne9g7'
]

$_SERVER = [
    'REDIRECT_STATUS' => '200'
    'HTTP_HOST' => 'yii.com'
    'HTTP_CONNECTION' => 'keep-alive'
    'HTTP_ACCEPT' => 'text/html,application/xhtml+xml,application/xml;q=0.9,image/webp,*/*;q=0.8'
    'HTTP_UPGRADE_INSECURE_REQUESTS' => '1'
    'HTTP_USER_AGENT' => 'Mozilla/5.0 (Windows NT 6.1; WOW64) AppleWebKit/537.36 (KHTML, like Gecko) Chrome/45.0.2454.85 Safari/537.36'
    'HTTP_ACCEPT_ENCODING' => 'gzip, deflate, sdch'
    'HTTP_ACCEPT_LANGUAGE' => 'zh-CN,zh;q=0.8'
    'HTTP_COOKIE' => 'CNZZDATA1254564802=734761777-1450699924-%7C1450699924; XDEBUG_SESSION=12906; PHPSESSID=sidd63am9r4t0i9e0esq9ne9g7'
    'PATH' => 'C:\\Program Files (x86)\\Common Files\\NetSarang;C:\\Windows\\system32;C:\\Windows;C:\\Windows\\System32\\Wbem;C:\\Windows\\System32\\WindowsPowerShell\\v1.0\\;C:\\Program Files\\Intel\\WiFi\\bin\\;C:\\Program Files\\Common Files\\Intel\\WirelessCommon\\;F:\\kj;D:\\wamp\\bin\\mysql\\mysql5.6.12\\bin;D:\\Program Files\\lessc;C:\\Program Files (x86)\\Windows Kits\\8.1\\Windows Performance Toolkit\\;C:\\Program Files\\Microsoft SQL Server\\110\\Tools\\Binn\\;C:\\Program Files (x86)\\Microsoft SQL Server\\100\\Tools\\Binn\\;C:\\Program Files\\Microsoft SQL Server\\100\\Tools\\Binn\\;C:\\Program Files\\Microsoft SQL Server\\100\\DTS\\Binn\\;C:\\Program Files (x86)\\Microsoft SQL Server\\100\\Tools\\Binn\\VSShell\\Common7\\IDE\\;C:\\Program Files (x86)\\Microsoft Visual Studio 9.0\\Common7\\IDE\\PrivateAssemblies\\;C:\\Program Files (x86)\\Microsoft SQL Server\\100\\DTS\\Binn\\;D:\\wamp\\bin\\php\\php5.4.12;C:\\ProgramData\\ComposerSetup\\bin;D:\\wamp\\bin\\php\\php5.4.12;C:\\ProgramData\\ComposerSetup\\bin\\;E:\\Program Files\\eclipse\\sdk\\platform-tools;D:\\Program Files\\TortoiseSVN\\bin;C:\\Windows\\Microsoft.NET\\Framework64\\v4.0.30319;E:\\BaiduYunDownload\\study\\study_c#\\winform\\c#视频资料\\Windows7Master;D:\\Program Files\\Windows7Master;'
    'SystemRoot' => 'C:\\Windows'
    'COMSPEC' => 'C:\\Windows\\system32\\cmd.exe'
    'PATHEXT' => '.COM;.EXE;.BAT;.CMD;.VBS;.VBE;.JS;.JSE;.WSF;.WSH;.MSC'
    'WINDIR' => 'C:\\Windows'
    'SERVER_SIGNATURE' => ''
    'SERVER_SOFTWARE' => 'Apache/2.4.4 (Win64) OpenSSL/1.0.1d PHP/5.4.12'
    'SERVER_NAME' => 'yii.com'
    'SERVER_ADDR' => '127.0.0.1'
    'SERVER_PORT' => '80'
    'REMOTE_ADDR' => '127.0.0.1'
    'DOCUMENT_ROOT' => 'D:/www/project/yii2/web'
    'REQUEST_SCHEME' => 'http'
    'CONTEXT_PREFIX' => ''
    'CONTEXT_DOCUMENT_ROOT' => 'D:/www/project/yii2/web'
    'SERVER_ADMIN' => 'webmaster@dummy-host2.example.com'
    'SCRIPT_FILENAME' => 'D:/www/project/yii2/web/index.php'
    'REMOTE_PORT' => '45680'
    'REDIRECT_QUERY_STRING' => '/shopadmin'
    'REDIRECT_URL' => '/shopadmin'
    'GATEWAY_INTERFACE' => 'CGI/1.1'
    'SERVER_PROTOCOL' => 'HTTP/1.1'
    'REQUEST_METHOD' => 'GET'
    'QUERY_STRING' => '/shopadmin'
    'REQUEST_URI' => '/shopadmin'
    'SCRIPT_NAME' => '/index.php'
    'PHP_SELF' => '/index.php'
    'REQUEST_TIME_FLOAT' => 1451051508.4
    'REQUEST_TIME' => 1451051508
]
2015-12-26 19:14:03 [127.0.0.1][-][-][error][yii\web\HttpException:404] exception 'yii\base\InvalidRouteException' with message 'Unable to resolve the request: shop/index/about' in D:\www\project\yii2_shop\vendor\yiisoft\yii2\base\Controller.php:124
Stack trace:
#0 D:\www\project\yii2_shop\vendor\yiisoft\yii2\base\Module.php(455): yii\base\Controller->runAction('about', Array)
#1 D:\www\project\yii2_shop\vendor\yiisoft\yii2\web\Application.php(85): yii\base\Module->runAction('shop/index/abou...', Array)
#2 D:\www\project\yii2_shop\vendor\yiisoft\yii2\base\Application.php(375): yii\web\Application->handleRequest(Object(yii\web\Request))
#3 D:\www\project\yii2_shop\web\index.php(11): yii\base\Application->run()
#4 {main}

Next exception 'yii\web\NotFoundHttpException' with message '页面未找到。' in D:\www\project\yii2_shop\vendor\yiisoft\yii2\web\Application.php:97
Stack trace:
#0 D:\www\project\yii2_shop\vendor\yiisoft\yii2\base\Application.php(375): yii\web\Application->handleRequest(Object(yii\web\Request))
#1 D:\www\project\yii2_shop\web\index.php(11): yii\base\Application->run()
#2 {main}
2015-12-26 19:14:03 [127.0.0.1][-][-][info][application] $_GET = [
    '/index/about' => ''
]

$_COOKIE = [
    'CNZZDATA1254564802' => '734761777-1450699924-|1450699924'
    'PHPSESSID' => 'sidd63am9r4t0i9e0esq9ne9g7'
]

$_SERVER = [
    'REDIRECT_STATUS' => '200'
    'HTTP_HOST' => 'yii.com'
    'HTTP_CONNECTION' => 'keep-alive'
    'HTTP_ACCEPT' => 'text/html,application/xhtml+xml,application/xml;q=0.9,image/webp,*/*;q=0.8'
    'HTTP_UPGRADE_INSECURE_REQUESTS' => '1'
    'HTTP_USER_AGENT' => 'Mozilla/5.0 (Windows NT 6.1; WOW64) AppleWebKit/537.36 (KHTML, like Gecko) Chrome/45.0.2454.85 Safari/537.36'
    'HTTP_REFERER' => 'http://yii.com/'
    'HTTP_ACCEPT_ENCODING' => 'gzip, deflate, sdch'
    'HTTP_ACCEPT_LANGUAGE' => 'zh-CN,zh;q=0.8'
    'HTTP_COOKIE' => 'CNZZDATA1254564802=734761777-1450699924-%7C1450699924; PHPSESSID=sidd63am9r4t0i9e0esq9ne9g7'
    'PATH' => 'C:\\Program Files (x86)\\Common Files\\NetSarang;C:\\Windows\\system32;C:\\Windows;C:\\Windows\\System32\\Wbem;C:\\Windows\\System32\\WindowsPowerShell\\v1.0\\;C:\\Program Files\\Intel\\WiFi\\bin\\;C:\\Program Files\\Common Files\\Intel\\WirelessCommon\\;F:\\kj;D:\\wamp\\bin\\mysql\\mysql5.6.12\\bin;D:\\Program Files\\lessc;C:\\Program Files (x86)\\Windows Kits\\8.1\\Windows Performance Toolkit\\;C:\\Program Files\\Microsoft SQL Server\\110\\Tools\\Binn\\;C:\\Program Files (x86)\\Microsoft SQL Server\\100\\Tools\\Binn\\;C:\\Program Files\\Microsoft SQL Server\\100\\Tools\\Binn\\;C:\\Program Files\\Microsoft SQL Server\\100\\DTS\\Binn\\;C:\\Program Files (x86)\\Microsoft SQL Server\\100\\Tools\\Binn\\VSShell\\Common7\\IDE\\;C:\\Program Files (x86)\\Microsoft Visual Studio 9.0\\Common7\\IDE\\PrivateAssemblies\\;C:\\Program Files (x86)\\Microsoft SQL Server\\100\\DTS\\Binn\\;D:\\wamp\\bin\\php\\php5.4.12;C:\\ProgramData\\ComposerSetup\\bin;D:\\wamp\\bin\\php\\php5.4.12;C:\\ProgramData\\ComposerSetup\\bin\\;E:\\Program Files\\eclipse\\sdk\\platform-tools;D:\\Program Files\\TortoiseSVN\\bin;C:\\Windows\\Microsoft.NET\\Framework64\\v4.0.30319;E:\\BaiduYunDownload\\study\\study_c#\\winform\\c#视频资料\\Windows7Master;D:\\Program Files\\Windows7Master;D:\\;d:\\Program Files\\Git\\cmd;d:\\Program Files\\Git\\mingw64\\bin;d:\\Program Files\\Git\\usr\\bin'
    'SystemRoot' => 'C:\\Windows'
    'COMSPEC' => 'C:\\Windows\\system32\\cmd.exe'
    'PATHEXT' => '.COM;.EXE;.BAT;.CMD;.VBS;.VBE;.JS;.JSE;.WSF;.WSH;.MSC'
    'WINDIR' => 'C:\\Windows'
    'SERVER_SIGNATURE' => ''
    'SERVER_SOFTWARE' => 'Apache/2.4.4 (Win64) OpenSSL/1.0.1d PHP/5.4.12'
    'SERVER_NAME' => 'yii.com'
    'SERVER_ADDR' => '127.0.0.1'
    'SERVER_PORT' => '80'
    'REMOTE_ADDR' => '127.0.0.1'
    'DOCUMENT_ROOT' => 'D:/www/project/yii2_shop/web'
    'REQUEST_SCHEME' => 'http'
    'CONTEXT_PREFIX' => ''
    'CONTEXT_DOCUMENT_ROOT' => 'D:/www/project/yii2_shop/web'
    'SERVER_ADMIN' => 'webmaster@dummy-host2.example.com'
    'SCRIPT_FILENAME' => 'D:/www/project/yii2_shop/web/index.php'
    'REMOTE_PORT' => '3498'
    'REDIRECT_QUERY_STRING' => '/index/about'
    'REDIRECT_URL' => '/index/about'
    'GATEWAY_INTERFACE' => 'CGI/1.1'
    'SERVER_PROTOCOL' => 'HTTP/1.1'
    'REQUEST_METHOD' => 'GET'
    'QUERY_STRING' => '/index/about'
    'REQUEST_URI' => '/index/about'
    'SCRIPT_NAME' => '/index.php'
    'PHP_SELF' => '/index.php'
    'REQUEST_TIME_FLOAT' => 1451128443.64
    'REQUEST_TIME' => 1451128443
]
2015-12-26 19:14:07 [127.0.0.1][-][-][error][yii\web\HttpException:404] exception 'yii\base\InvalidRouteException' with message 'Unable to resolve the request: shop/index/contact' in D:\www\project\yii2_shop\vendor\yiisoft\yii2\base\Controller.php:124
Stack trace:
#0 D:\www\project\yii2_shop\vendor\yiisoft\yii2\base\Module.php(455): yii\base\Controller->runAction('contact', Array)
#1 D:\www\project\yii2_shop\vendor\yiisoft\yii2\web\Application.php(85): yii\base\Module->runAction('shop/index/cont...', Array)
#2 D:\www\project\yii2_shop\vendor\yiisoft\yii2\base\Application.php(375): yii\web\Application->handleRequest(Object(yii\web\Request))
#3 D:\www\project\yii2_shop\web\index.php(11): yii\base\Application->run()
#4 {main}

Next exception 'yii\web\NotFoundHttpException' with message '页面未找到。' in D:\www\project\yii2_shop\vendor\yiisoft\yii2\web\Application.php:97
Stack trace:
#0 D:\www\project\yii2_shop\vendor\yiisoft\yii2\base\Application.php(375): yii\web\Application->handleRequest(Object(yii\web\Request))
#1 D:\www\project\yii2_shop\web\index.php(11): yii\base\Application->run()
#2 {main}
2015-12-26 19:14:07 [127.0.0.1][-][-][info][application] $_GET = [
    '/index/contact' => ''
]

$_COOKIE = [
    'CNZZDATA1254564802' => '734761777-1450699924-|1450699924'
    'PHPSESSID' => 'sidd63am9r4t0i9e0esq9ne9g7'
]

$_SERVER = [
    'REDIRECT_STATUS' => '200'
    'HTTP_HOST' => 'yii.com'
    'HTTP_CONNECTION' => 'keep-alive'
    'HTTP_ACCEPT' => 'text/html,application/xhtml+xml,application/xml;q=0.9,image/webp,*/*;q=0.8'
    'HTTP_UPGRADE_INSECURE_REQUESTS' => '1'
    'HTTP_USER_AGENT' => 'Mozilla/5.0 (Windows NT 6.1; WOW64) AppleWebKit/537.36 (KHTML, like Gecko) Chrome/45.0.2454.85 Safari/537.36'
    'HTTP_REFERER' => 'http://yii.com/'
    'HTTP_ACCEPT_ENCODING' => 'gzip, deflate, sdch'
    'HTTP_ACCEPT_LANGUAGE' => 'zh-CN,zh;q=0.8'
    'HTTP_COOKIE' => 'CNZZDATA1254564802=734761777-1450699924-%7C1450699924; PHPSESSID=sidd63am9r4t0i9e0esq9ne9g7'
    'PATH' => 'C:\\Program Files (x86)\\Common Files\\NetSarang;C:\\Windows\\system32;C:\\Windows;C:\\Windows\\System32\\Wbem;C:\\Windows\\System32\\WindowsPowerShell\\v1.0\\;C:\\Program Files\\Intel\\WiFi\\bin\\;C:\\Program Files\\Common Files\\Intel\\WirelessCommon\\;F:\\kj;D:\\wamp\\bin\\mysql\\mysql5.6.12\\bin;D:\\Program Files\\lessc;C:\\Program Files (x86)\\Windows Kits\\8.1\\Windows Performance Toolkit\\;C:\\Program Files\\Microsoft SQL Server\\110\\Tools\\Binn\\;C:\\Program Files (x86)\\Microsoft SQL Server\\100\\Tools\\Binn\\;C:\\Program Files\\Microsoft SQL Server\\100\\Tools\\Binn\\;C:\\Program Files\\Microsoft SQL Server\\100\\DTS\\Binn\\;C:\\Program Files (x86)\\Microsoft SQL Server\\100\\Tools\\Binn\\VSShell\\Common7\\IDE\\;C:\\Program Files (x86)\\Microsoft Visual Studio 9.0\\Common7\\IDE\\PrivateAssemblies\\;C:\\Program Files (x86)\\Microsoft SQL Server\\100\\DTS\\Binn\\;D:\\wamp\\bin\\php\\php5.4.12;C:\\ProgramData\\ComposerSetup\\bin;D:\\wamp\\bin\\php\\php5.4.12;C:\\ProgramData\\ComposerSetup\\bin\\;E:\\Program Files\\eclipse\\sdk\\platform-tools;D:\\Program Files\\TortoiseSVN\\bin;C:\\Windows\\Microsoft.NET\\Framework64\\v4.0.30319;E:\\BaiduYunDownload\\study\\study_c#\\winform\\c#视频资料\\Windows7Master;D:\\Program Files\\Windows7Master;D:\\;d:\\Program Files\\Git\\cmd;d:\\Program Files\\Git\\mingw64\\bin;d:\\Program Files\\Git\\usr\\bin'
    'SystemRoot' => 'C:\\Windows'
    'COMSPEC' => 'C:\\Windows\\system32\\cmd.exe'
    'PATHEXT' => '.COM;.EXE;.BAT;.CMD;.VBS;.VBE;.JS;.JSE;.WSF;.WSH;.MSC'
    'WINDIR' => 'C:\\Windows'
    'SERVER_SIGNATURE' => ''
    'SERVER_SOFTWARE' => 'Apache/2.4.4 (Win64) OpenSSL/1.0.1d PHP/5.4.12'
    'SERVER_NAME' => 'yii.com'
    'SERVER_ADDR' => '127.0.0.1'
    'SERVER_PORT' => '80'
    'REMOTE_ADDR' => '127.0.0.1'
    'DOCUMENT_ROOT' => 'D:/www/project/yii2_shop/web'
    'REQUEST_SCHEME' => 'http'
    'CONTEXT_PREFIX' => ''
    'CONTEXT_DOCUMENT_ROOT' => 'D:/www/project/yii2_shop/web'
    'SERVER_ADMIN' => 'webmaster@dummy-host2.example.com'
    'SCRIPT_FILENAME' => 'D:/www/project/yii2_shop/web/index.php'
    'REMOTE_PORT' => '3505'
    'REDIRECT_QUERY_STRING' => '/index/contact'
    'REDIRECT_URL' => '/index/contact'
    'GATEWAY_INTERFACE' => 'CGI/1.1'
    'SERVER_PROTOCOL' => 'HTTP/1.1'
    'REQUEST_METHOD' => 'GET'
    'QUERY_STRING' => '/index/contact'
    'REQUEST_URI' => '/index/contact'
    'SCRIPT_NAME' => '/index.php'
    'PHP_SELF' => '/index.php'
    'REQUEST_TIME_FLOAT' => 1451128447.096
    'REQUEST_TIME' => 1451128447
]
2015-12-26 19:14:09 [127.0.0.1][-][-][error][yii\web\HttpException:404] exception 'yii\base\InvalidRouteException' with message 'Unable to resolve the request: shop/index/contact' in D:\www\project\yii2_shop\vendor\yiisoft\yii2\base\Controller.php:124
Stack trace:
#0 D:\www\project\yii2_shop\vendor\yiisoft\yii2\base\Module.php(455): yii\base\Controller->runAction('contact', Array)
#1 D:\www\project\yii2_shop\vendor\yiisoft\yii2\web\Application.php(85): yii\base\Module->runAction('shop/index/cont...', Array)
#2 D:\www\project\yii2_shop\vendor\yiisoft\yii2\base\Application.php(375): yii\web\Application->handleRequest(Object(yii\web\Request))
#3 D:\www\project\yii2_shop\web\index.php(11): yii\base\Application->run()
#4 {main}

Next exception 'yii\web\NotFoundHttpException' with message '页面未找到。' in D:\www\project\yii2_shop\vendor\yiisoft\yii2\web\Application.php:97
Stack trace:
#0 D:\www\project\yii2_shop\vendor\yiisoft\yii2\base\Application.php(375): yii\web\Application->handleRequest(Object(yii\web\Request))
#1 D:\www\project\yii2_shop\web\index.php(11): yii\base\Application->run()
#2 {main}
2015-12-26 19:14:09 [127.0.0.1][-][-][info][application] $_GET = [
    '/index/contact' => ''
]

$_COOKIE = [
    'CNZZDATA1254564802' => '734761777-1450699924-|1450699924'
    'PHPSESSID' => 'sidd63am9r4t0i9e0esq9ne9g7'
]

$_SERVER = [
    'REDIRECT_STATUS' => '200'
    'HTTP_HOST' => 'yii.com'
    'HTTP_CONNECTION' => 'keep-alive'
    'HTTP_ACCEPT' => 'text/html,application/xhtml+xml,application/xml;q=0.9,image/webp,*/*;q=0.8'
    'HTTP_UPGRADE_INSECURE_REQUESTS' => '1'
    'HTTP_USER_AGENT' => 'Mozilla/5.0 (Windows NT 6.1; WOW64) AppleWebKit/537.36 (KHTML, like Gecko) Chrome/45.0.2454.85 Safari/537.36'
    'HTTP_REFERER' => 'http://yii.com/'
    'HTTP_ACCEPT_ENCODING' => 'gzip, deflate, sdch'
    'HTTP_ACCEPT_LANGUAGE' => 'zh-CN,zh;q=0.8'
    'HTTP_COOKIE' => 'CNZZDATA1254564802=734761777-1450699924-%7C1450699924; PHPSESSID=sidd63am9r4t0i9e0esq9ne9g7'
    'PATH' => 'C:\\Program Files (x86)\\Common Files\\NetSarang;C:\\Windows\\system32;C:\\Windows;C:\\Windows\\System32\\Wbem;C:\\Windows\\System32\\WindowsPowerShell\\v1.0\\;C:\\Program Files\\Intel\\WiFi\\bin\\;C:\\Program Files\\Common Files\\Intel\\WirelessCommon\\;F:\\kj;D:\\wamp\\bin\\mysql\\mysql5.6.12\\bin;D:\\Program Files\\lessc;C:\\Program Files (x86)\\Windows Kits\\8.1\\Windows Performance Toolkit\\;C:\\Program Files\\Microsoft SQL Server\\110\\Tools\\Binn\\;C:\\Program Files (x86)\\Microsoft SQL Server\\100\\Tools\\Binn\\;C:\\Program Files\\Microsoft SQL Server\\100\\Tools\\Binn\\;C:\\Program Files\\Microsoft SQL Server\\100\\DTS\\Binn\\;C:\\Program Files (x86)\\Microsoft SQL Server\\100\\Tools\\Binn\\VSShell\\Common7\\IDE\\;C:\\Program Files (x86)\\Microsoft Visual Studio 9.0\\Common7\\IDE\\PrivateAssemblies\\;C:\\Program Files (x86)\\Microsoft SQL Server\\100\\DTS\\Binn\\;D:\\wamp\\bin\\php\\php5.4.12;C:\\ProgramData\\ComposerSetup\\bin;D:\\wamp\\bin\\php\\php5.4.12;C:\\ProgramData\\ComposerSetup\\bin\\;E:\\Program Files\\eclipse\\sdk\\platform-tools;D:\\Program Files\\TortoiseSVN\\bin;C:\\Windows\\Microsoft.NET\\Framework64\\v4.0.30319;E:\\BaiduYunDownload\\study\\study_c#\\winform\\c#视频资料\\Windows7Master;D:\\Program Files\\Windows7Master;D:\\;d:\\Program Files\\Git\\cmd;d:\\Program Files\\Git\\mingw64\\bin;d:\\Program Files\\Git\\usr\\bin'
    'SystemRoot' => 'C:\\Windows'
    'COMSPEC' => 'C:\\Windows\\system32\\cmd.exe'
    'PATHEXT' => '.COM;.EXE;.BAT;.CMD;.VBS;.VBE;.JS;.JSE;.WSF;.WSH;.MSC'
    'WINDIR' => 'C:\\Windows'
    'SERVER_SIGNATURE' => ''
    'SERVER_SOFTWARE' => 'Apache/2.4.4 (Win64) OpenSSL/1.0.1d PHP/5.4.12'
    'SERVER_NAME' => 'yii.com'
    'SERVER_ADDR' => '127.0.0.1'
    'SERVER_PORT' => '80'
    'REMOTE_ADDR' => '127.0.0.1'
    'DOCUMENT_ROOT' => 'D:/www/project/yii2_shop/web'
    'REQUEST_SCHEME' => 'http'
    'CONTEXT_PREFIX' => ''
    'CONTEXT_DOCUMENT_ROOT' => 'D:/www/project/yii2_shop/web'
    'SERVER_ADMIN' => 'webmaster@dummy-host2.example.com'
    'SCRIPT_FILENAME' => 'D:/www/project/yii2_shop/web/index.php'
    'REMOTE_PORT' => '3506'
    'REDIRECT_QUERY_STRING' => '/index/contact'
    'REDIRECT_URL' => '/index/contact'
    'GATEWAY_INTERFACE' => 'CGI/1.1'
    'SERVER_PROTOCOL' => 'HTTP/1.1'
    'REQUEST_METHOD' => 'GET'
    'QUERY_STRING' => '/index/contact'
    'REQUEST_URI' => '/index/contact'
    'SCRIPT_NAME' => '/index.php'
    'PHP_SELF' => '/index.php'
    'REQUEST_TIME_FLOAT' => 1451128449.63
    'REQUEST_TIME' => 1451128449
]
2015-12-26 19:14:14 [127.0.0.1][-][-][error][yii\web\HttpException:404] exception 'yii\base\InvalidRouteException' with message 'Unable to resolve the request: shop/index/about' in D:\www\project\yii2_shop\vendor\yiisoft\yii2\base\Controller.php:124
Stack trace:
#0 D:\www\project\yii2_shop\vendor\yiisoft\yii2\base\Module.php(455): yii\base\Controller->runAction('about', Array)
#1 D:\www\project\yii2_shop\vendor\yiisoft\yii2\web\Application.php(85): yii\base\Module->runAction('shop/index/abou...', Array)
#2 D:\www\project\yii2_shop\vendor\yiisoft\yii2\base\Application.php(375): yii\web\Application->handleRequest(Object(yii\web\Request))
#3 D:\www\project\yii2_shop\web\index.php(11): yii\base\Application->run()
#4 {main}

Next exception 'yii\web\NotFoundHttpException' with message '页面未找到。' in D:\www\project\yii2_shop\vendor\yiisoft\yii2\web\Application.php:97
Stack trace:
#0 D:\www\project\yii2_shop\vendor\yiisoft\yii2\base\Application.php(375): yii\web\Application->handleRequest(Object(yii\web\Request))
#1 D:\www\project\yii2_shop\web\index.php(11): yii\base\Application->run()
#2 {main}
2015-12-26 19:14:14 [127.0.0.1][-][-][info][application] $_GET = [
    '/index/about' => ''
]

$_COOKIE = [
    'CNZZDATA1254564802' => '734761777-1450699924-|1450699924'
    'PHPSESSID' => 'sidd63am9r4t0i9e0esq9ne9g7'
]

$_SERVER = [
    'REDIRECT_STATUS' => '200'
    'HTTP_HOST' => 'yii.com'
    'HTTP_CONNECTION' => 'keep-alive'
    'HTTP_ACCEPT' => 'text/html,application/xhtml+xml,application/xml;q=0.9,image/webp,*/*;q=0.8'
    'HTTP_UPGRADE_INSECURE_REQUESTS' => '1'
    'HTTP_USER_AGENT' => 'Mozilla/5.0 (Windows NT 6.1; WOW64) AppleWebKit/537.36 (KHTML, like Gecko) Chrome/45.0.2454.85 Safari/537.36'
    'HTTP_REFERER' => 'http://yii.com/'
    'HTTP_ACCEPT_ENCODING' => 'gzip, deflate, sdch'
    'HTTP_ACCEPT_LANGUAGE' => 'zh-CN,zh;q=0.8'
    'HTTP_COOKIE' => 'CNZZDATA1254564802=734761777-1450699924-%7C1450699924; PHPSESSID=sidd63am9r4t0i9e0esq9ne9g7'
    'PATH' => 'C:\\Program Files (x86)\\Common Files\\NetSarang;C:\\Windows\\system32;C:\\Windows;C:\\Windows\\System32\\Wbem;C:\\Windows\\System32\\WindowsPowerShell\\v1.0\\;C:\\Program Files\\Intel\\WiFi\\bin\\;C:\\Program Files\\Common Files\\Intel\\WirelessCommon\\;F:\\kj;D:\\wamp\\bin\\mysql\\mysql5.6.12\\bin;D:\\Program Files\\lessc;C:\\Program Files (x86)\\Windows Kits\\8.1\\Windows Performance Toolkit\\;C:\\Program Files\\Microsoft SQL Server\\110\\Tools\\Binn\\;C:\\Program Files (x86)\\Microsoft SQL Server\\100\\Tools\\Binn\\;C:\\Program Files\\Microsoft SQL Server\\100\\Tools\\Binn\\;C:\\Program Files\\Microsoft SQL Server\\100\\DTS\\Binn\\;C:\\Program Files (x86)\\Microsoft SQL Server\\100\\Tools\\Binn\\VSShell\\Common7\\IDE\\;C:\\Program Files (x86)\\Microsoft Visual Studio 9.0\\Common7\\IDE\\PrivateAssemblies\\;C:\\Program Files (x86)\\Microsoft SQL Server\\100\\DTS\\Binn\\;D:\\wamp\\bin\\php\\php5.4.12;C:\\ProgramData\\ComposerSetup\\bin;D:\\wamp\\bin\\php\\php5.4.12;C:\\ProgramData\\ComposerSetup\\bin\\;E:\\Program Files\\eclipse\\sdk\\platform-tools;D:\\Program Files\\TortoiseSVN\\bin;C:\\Windows\\Microsoft.NET\\Framework64\\v4.0.30319;E:\\BaiduYunDownload\\study\\study_c#\\winform\\c#视频资料\\Windows7Master;D:\\Program Files\\Windows7Master;D:\\;d:\\Program Files\\Git\\cmd;d:\\Program Files\\Git\\mingw64\\bin;d:\\Program Files\\Git\\usr\\bin'
    'SystemRoot' => 'C:\\Windows'
    'COMSPEC' => 'C:\\Windows\\system32\\cmd.exe'
    'PATHEXT' => '.COM;.EXE;.BAT;.CMD;.VBS;.VBE;.JS;.JSE;.WSF;.WSH;.MSC'
    'WINDIR' => 'C:\\Windows'
    'SERVER_SIGNATURE' => ''
    'SERVER_SOFTWARE' => 'Apache/2.4.4 (Win64) OpenSSL/1.0.1d PHP/5.4.12'
    'SERVER_NAME' => 'yii.com'
    'SERVER_ADDR' => '127.0.0.1'
    'SERVER_PORT' => '80'
    'REMOTE_ADDR' => '127.0.0.1'
    'DOCUMENT_ROOT' => 'D:/www/project/yii2_shop/web'
    'REQUEST_SCHEME' => 'http'
    'CONTEXT_PREFIX' => ''
    'CONTEXT_DOCUMENT_ROOT' => 'D:/www/project/yii2_shop/web'
    'SERVER_ADMIN' => 'webmaster@dummy-host2.example.com'
    'SCRIPT_FILENAME' => 'D:/www/project/yii2_shop/web/index.php'
    'REMOTE_PORT' => '3588'
    'REDIRECT_QUERY_STRING' => '/index/about'
    'REDIRECT_URL' => '/index/about'
    'GATEWAY_INTERFACE' => 'CGI/1.1'
    'SERVER_PROTOCOL' => 'HTTP/1.1'
    'REQUEST_METHOD' => 'GET'
    'QUERY_STRING' => '/index/about'
    'REQUEST_URI' => '/index/about'
    'SCRIPT_NAME' => '/index.php'
    'PHP_SELF' => '/index.php'
    'REQUEST_TIME_FLOAT' => 1451128454.832
    'REQUEST_TIME' => 1451128454
]
2015-12-26 19:14:25 [127.0.0.1][-][-][error][yii\web\HttpException:404] exception 'yii\base\InvalidRouteException' with message 'Unable to resolve the request "shop/site/login".' in D:\www\project\yii2_shop\vendor\yiisoft\yii2\base\Module.php:461
Stack trace:
#0 D:\www\project\yii2_shop\vendor\yiisoft\yii2\web\Application.php(85): yii\base\Module->runAction('shop/site/login', Array)
#1 D:\www\project\yii2_shop\vendor\yiisoft\yii2\base\Application.php(375): yii\web\Application->handleRequest(Object(yii\web\Request))
#2 D:\www\project\yii2_shop\web\index.php(11): yii\base\Application->run()
#3 {main}

Next exception 'yii\web\NotFoundHttpException' with message '页面未找到。' in D:\www\project\yii2_shop\vendor\yiisoft\yii2\web\Application.php:97
Stack trace:
#0 D:\www\project\yii2_shop\vendor\yiisoft\yii2\base\Application.php(375): yii\web\Application->handleRequest(Object(yii\web\Request))
#1 D:\www\project\yii2_shop\web\index.php(11): yii\base\Application->run()
#2 {main}
2015-12-26 19:14:25 [127.0.0.1][-][-][info][application] $_GET = [
    '/site/login' => ''
]

$_COOKIE = [
    'CNZZDATA1254564802' => '734761777-1450699924-|1450699924'
    'PHPSESSID' => 'sidd63am9r4t0i9e0esq9ne9g7'
]

$_SERVER = [
    'REDIRECT_STATUS' => '200'
    'HTTP_HOST' => 'yii.com'
    'HTTP_CONNECTION' => 'keep-alive'
    'HTTP_ACCEPT' => 'text/html,application/xhtml+xml,application/xml;q=0.9,image/webp,*/*;q=0.8'
    'HTTP_UPGRADE_INSECURE_REQUESTS' => '1'
    'HTTP_USER_AGENT' => 'Mozilla/5.0 (Windows NT 6.1; WOW64) AppleWebKit/537.36 (KHTML, like Gecko) Chrome/45.0.2454.85 Safari/537.36'
    'HTTP_REFERER' => 'http://yii.com/public/register'
    'HTTP_ACCEPT_ENCODING' => 'gzip, deflate, sdch'
    'HTTP_ACCEPT_LANGUAGE' => 'zh-CN,zh;q=0.8'
    'HTTP_COOKIE' => 'CNZZDATA1254564802=734761777-1450699924-%7C1450699924; PHPSESSID=sidd63am9r4t0i9e0esq9ne9g7'
    'PATH' => 'C:\\Program Files (x86)\\Common Files\\NetSarang;C:\\Windows\\system32;C:\\Windows;C:\\Windows\\System32\\Wbem;C:\\Windows\\System32\\WindowsPowerShell\\v1.0\\;C:\\Program Files\\Intel\\WiFi\\bin\\;C:\\Program Files\\Common Files\\Intel\\WirelessCommon\\;F:\\kj;D:\\wamp\\bin\\mysql\\mysql5.6.12\\bin;D:\\Program Files\\lessc;C:\\Program Files (x86)\\Windows Kits\\8.1\\Windows Performance Toolkit\\;C:\\Program Files\\Microsoft SQL Server\\110\\Tools\\Binn\\;C:\\Program Files (x86)\\Microsoft SQL Server\\100\\Tools\\Binn\\;C:\\Program Files\\Microsoft SQL Server\\100\\Tools\\Binn\\;C:\\Program Files\\Microsoft SQL Server\\100\\DTS\\Binn\\;C:\\Program Files (x86)\\Microsoft SQL Server\\100\\Tools\\Binn\\VSShell\\Common7\\IDE\\;C:\\Program Files (x86)\\Microsoft Visual Studio 9.0\\Common7\\IDE\\PrivateAssemblies\\;C:\\Program Files (x86)\\Microsoft SQL Server\\100\\DTS\\Binn\\;D:\\wamp\\bin\\php\\php5.4.12;C:\\ProgramData\\ComposerSetup\\bin;D:\\wamp\\bin\\php\\php5.4.12;C:\\ProgramData\\ComposerSetup\\bin\\;E:\\Program Files\\eclipse\\sdk\\platform-tools;D:\\Program Files\\TortoiseSVN\\bin;C:\\Windows\\Microsoft.NET\\Framework64\\v4.0.30319;E:\\BaiduYunDownload\\study\\study_c#\\winform\\c#视频资料\\Windows7Master;D:\\Program Files\\Windows7Master;D:\\;d:\\Program Files\\Git\\cmd;d:\\Program Files\\Git\\mingw64\\bin;d:\\Program Files\\Git\\usr\\bin'
    'SystemRoot' => 'C:\\Windows'
    'COMSPEC' => 'C:\\Windows\\system32\\cmd.exe'
    'PATHEXT' => '.COM;.EXE;.BAT;.CMD;.VBS;.VBE;.JS;.JSE;.WSF;.WSH;.MSC'
    'WINDIR' => 'C:\\Windows'
    'SERVER_SIGNATURE' => ''
    'SERVER_SOFTWARE' => 'Apache/2.4.4 (Win64) OpenSSL/1.0.1d PHP/5.4.12'
    'SERVER_NAME' => 'yii.com'
    'SERVER_ADDR' => '127.0.0.1'
    'SERVER_PORT' => '80'
    'REMOTE_ADDR' => '127.0.0.1'
    'DOCUMENT_ROOT' => 'D:/www/project/yii2_shop/web'
    'REQUEST_SCHEME' => 'http'
    'CONTEXT_PREFIX' => ''
    'CONTEXT_DOCUMENT_ROOT' => 'D:/www/project/yii2_shop/web'
    'SERVER_ADMIN' => 'webmaster@dummy-host2.example.com'
    'SCRIPT_FILENAME' => 'D:/www/project/yii2_shop/web/index.php'
    'REMOTE_PORT' => '3644'
    'REDIRECT_QUERY_STRING' => '/site/login'
    'REDIRECT_URL' => '/site/login'
    'GATEWAY_INTERFACE' => 'CGI/1.1'
    'SERVER_PROTOCOL' => 'HTTP/1.1'
    'REQUEST_METHOD' => 'GET'
    'QUERY_STRING' => '/site/login'
    'REQUEST_URI' => '/site/login'
    'SCRIPT_NAME' => '/index.php'
    'PHP_SELF' => '/index.php'
    'REQUEST_TIME_FLOAT' => 1451128465.274
    'REQUEST_TIME' => 1451128465
]
2015-12-26 19:14:47 [127.0.0.1][-][-][error][yii\web\HttpException:404] exception 'yii\base\InvalidRouteException' with message 'Unable to resolve the request: shop/index/about' in D:\www\project\yii2_shop\vendor\yiisoft\yii2\base\Controller.php:124
Stack trace:
#0 D:\www\project\yii2_shop\vendor\yiisoft\yii2\base\Module.php(455): yii\base\Controller->runAction('about', Array)
#1 D:\www\project\yii2_shop\vendor\yiisoft\yii2\web\Application.php(85): yii\base\Module->runAction('shop/index/abou...', Array)
#2 D:\www\project\yii2_shop\vendor\yiisoft\yii2\base\Application.php(375): yii\web\Application->handleRequest(Object(yii\web\Request))
#3 D:\www\project\yii2_shop\web\index.php(11): yii\base\Application->run()
#4 {main}

Next exception 'yii\web\NotFoundHttpException' with message '页面未找到。' in D:\www\project\yii2_shop\vendor\yiisoft\yii2\web\Application.php:97
Stack trace:
#0 D:\www\project\yii2_shop\vendor\yiisoft\yii2\base\Application.php(375): yii\web\Application->handleRequest(Object(yii\web\Request))
#1 D:\www\project\yii2_shop\web\index.php(11): yii\base\Application->run()
#2 {main}
2015-12-26 19:14:47 [127.0.0.1][-][-][info][application] $_GET = [
    '/index/about' => ''
]

$_COOKIE = [
    'CNZZDATA1254564802' => '734761777-1450699924-|1450699924'
    'PHPSESSID' => 'sidd63am9r4t0i9e0esq9ne9g7'
]

$_SERVER = [
    'REDIRECT_STATUS' => '200'
    'HTTP_HOST' => 'yii.com'
    'HTTP_CONNECTION' => 'keep-alive'
    'HTTP_ACCEPT' => 'text/html,application/xhtml+xml,application/xml;q=0.9,image/webp,*/*;q=0.8'
    'HTTP_UPGRADE_INSECURE_REQUESTS' => '1'
    'HTTP_USER_AGENT' => 'Mozilla/5.0 (Windows NT 6.1; WOW64) AppleWebKit/537.36 (KHTML, like Gecko) Chrome/45.0.2454.85 Safari/537.36'
    'HTTP_REFERER' => 'http://yii.com/'
    'HTTP_ACCEPT_ENCODING' => 'gzip, deflate, sdch'
    'HTTP_ACCEPT_LANGUAGE' => 'zh-CN,zh;q=0.8'
    'HTTP_COOKIE' => 'CNZZDATA1254564802=734761777-1450699924-%7C1450699924; PHPSESSID=sidd63am9r4t0i9e0esq9ne9g7'
    'PATH' => 'C:\\Program Files (x86)\\Common Files\\NetSarang;C:\\Windows\\system32;C:\\Windows;C:\\Windows\\System32\\Wbem;C:\\Windows\\System32\\WindowsPowerShell\\v1.0\\;C:\\Program Files\\Intel\\WiFi\\bin\\;C:\\Program Files\\Common Files\\Intel\\WirelessCommon\\;F:\\kj;D:\\wamp\\bin\\mysql\\mysql5.6.12\\bin;D:\\Program Files\\lessc;C:\\Program Files (x86)\\Windows Kits\\8.1\\Windows Performance Toolkit\\;C:\\Program Files\\Microsoft SQL Server\\110\\Tools\\Binn\\;C:\\Program Files (x86)\\Microsoft SQL Server\\100\\Tools\\Binn\\;C:\\Program Files\\Microsoft SQL Server\\100\\Tools\\Binn\\;C:\\Program Files\\Microsoft SQL Server\\100\\DTS\\Binn\\;C:\\Program Files (x86)\\Microsoft SQL Server\\100\\Tools\\Binn\\VSShell\\Common7\\IDE\\;C:\\Program Files (x86)\\Microsoft Visual Studio 9.0\\Common7\\IDE\\PrivateAssemblies\\;C:\\Program Files (x86)\\Microsoft SQL Server\\100\\DTS\\Binn\\;D:\\wamp\\bin\\php\\php5.4.12;C:\\ProgramData\\ComposerSetup\\bin;D:\\wamp\\bin\\php\\php5.4.12;C:\\ProgramData\\ComposerSetup\\bin\\;E:\\Program Files\\eclipse\\sdk\\platform-tools;D:\\Program Files\\TortoiseSVN\\bin;C:\\Windows\\Microsoft.NET\\Framework64\\v4.0.30319;E:\\BaiduYunDownload\\study\\study_c#\\winform\\c#视频资料\\Windows7Master;D:\\Program Files\\Windows7Master;D:\\;d:\\Program Files\\Git\\cmd;d:\\Program Files\\Git\\mingw64\\bin;d:\\Program Files\\Git\\usr\\bin'
    'SystemRoot' => 'C:\\Windows'
    'COMSPEC' => 'C:\\Windows\\system32\\cmd.exe'
    'PATHEXT' => '.COM;.EXE;.BAT;.CMD;.VBS;.VBE;.JS;.JSE;.WSF;.WSH;.MSC'
    'WINDIR' => 'C:\\Windows'
    'SERVER_SIGNATURE' => ''
    'SERVER_SOFTWARE' => 'Apache/2.4.4 (Win64) OpenSSL/1.0.1d PHP/5.4.12'
    'SERVER_NAME' => 'yii.com'
    'SERVER_ADDR' => '127.0.0.1'
    'SERVER_PORT' => '80'
    'REMOTE_ADDR' => '127.0.0.1'
    'DOCUMENT_ROOT' => 'D:/www/project/yii2_shop/web'
    'REQUEST_SCHEME' => 'http'
    'CONTEXT_PREFIX' => ''
    'CONTEXT_DOCUMENT_ROOT' => 'D:/www/project/yii2_shop/web'
    'SERVER_ADMIN' => 'webmaster@dummy-host2.example.com'
    'SCRIPT_FILENAME' => 'D:/www/project/yii2_shop/web/index.php'
    'REMOTE_PORT' => '3971'
    'REDIRECT_QUERY_STRING' => '/index/about'
    'REDIRECT_URL' => '/index/about'
    'GATEWAY_INTERFACE' => 'CGI/1.1'
    'SERVER_PROTOCOL' => 'HTTP/1.1'
    'REQUEST_METHOD' => 'GET'
    'QUERY_STRING' => '/index/about'
    'REQUEST_URI' => '/index/about'
    'SCRIPT_NAME' => '/index.php'
    'PHP_SELF' => '/index.php'
    'REQUEST_TIME_FLOAT' => 1451128487.654
    'REQUEST_TIME' => 1451128487
]
